Arguments: 
  /usr/local/bin/node /usr/local/Cellar/yarn/1.12.3/libexec/bin/yarn.js add uikit

PATH: 
  /usr/local/bin:/usr/bin:/bin:/usr/sbin:/sbin

Yarn version: 
  1.12.3

Node version: 
  11.2.0

Platform: 
  darwin x64

Trace: 
  Error: EACCES: permission denied, unlink '/Users/wf/vWorks/mentors/node_modules/vuekit/package.json'

npm manifest: 
  {
    "name": "mentors",
    "version": "1.0.0",
    "description": "",
    "main": "index.js",
    "scripts": {
      "dev": "webpack-dev-server --mode development --progress --hot --open",
      "build": "webpack --mode production --progress",
      "test": "echo \"Error: no test specified\" && exit 1"
    },
    "keywords": [],
    "author": "",
    "license": "ISC",
    "devDependencies": {
      "@babel/core": "^7.1.6",
      "@babel/preset-env": "^7.1.6",
      "babel-loader": "^8.0.4",
      "html-webpack-plugin": "^3.2.0",
      "vue-loader": "^15.4.2",
      "vue-template-compiler": "^2.5.17",
      "webpack": "^4.25.1",
      "webpack-cli": "^3.1.2",
      "webpack-dev-server": "^3.1.10"
    },
    "dependencies": {
      "@vuikit/icons": "^0.8.1",
      "@vuikit/theme": "^0.8.1",
      "css-loader": "^1.0.1",
      "style-loader": "^0.23.1",
      "vue": "^2.5.17",
      "vuedraggable": "^2.16.0",
      "vuekit": "^1.0.0",
      "vuikit": "^0.8.10"
    }
  }

yarn manifest: 
  No manifest

Lockfile: 
  No lockfile
